<?xml version="1.0" encoding="UTF-8"?>
<testng-results ignored="0" total="34" passed="34" failed="0" skipped="0">
  <reporter-output>
  </reporter-output>
  <suite started-at="2025-03-21T21:26:29 IST" name="Suite" finished-at="2025-03-21T21:28:43 IST" duration-ms="134041">
    <groups>
      <group name="cucumber">
        <method signature="AbstractTestNGCucumberTests.runScenario(io.cucumber.testng.PickleWrapper,io.cucumber.testng.FeatureWrapper)[pri:0, instance:Runner.AllCoursesRunner@6986852]" name="runScenario" class="io.cucumber.testng.AbstractTestNGCucumberTests"/>
        <method signature="AbstractTestNGCucumberTests.runScenario(io.cucumber.testng.PickleWrapper,io.cucumber.testng.FeatureWrapper)[pri:0, instance:Runner.HomePageRunner@1e4d3ce5]" name="runScenario" class="io.cucumber.testng.AbstractTestNGCucumberTests"/>
        <method signature="AbstractTestNGCucumberTests.runScenario(io.cucumber.testng.PickleWrapper,io.cucumber.testng.FeatureWrapper)[pri:0, instance:Runner.LoginRunner@1acaf3d]" name="runScenario" class="io.cucumber.testng.AbstractTestNGCucumberTests"/>
        <method signature="AbstractTestNGCucumberTests.runScenario(io.cucumber.testng.PickleWrapper,io.cucumber.testng.FeatureWrapper)[pri:0, instance:Runner.PracticePageRunner@1bab8268]" name="runScenario" class="io.cucumber.testng.AbstractTestNGCucumberTests"/>
        <method signature="AbstractTestNGCucumberTests.runScenario(io.cucumber.testng.PickleWrapper,io.cucumber.testng.FeatureWrapper)[pri:0, instance:Runner.ShoppingcartRunner@a307a8c]" name="runScenario" class="io.cucumber.testng.AbstractTestNGCucumberTests"/>
      </group> <!-- cucumber -->
    </groups>
    <test started-at="2025-03-21T21:26:29 IST" name="Test" finished-at="2025-03-21T21:28:43 IST" duration-ms="134041">
      <class name="Runner.ShoppingcartRunner">
        <test-method is-config="true" signature="setUpClass(org.testng.ITestContext)[pri:0, instance:Runner.ShoppingcartRunner@a307a8c]" started-at="2025-03-21T21:28:34 IST" name="setUpClass" finished-at="2025-03-21T21:28:36 IST" duration-ms="1870" status="PASS">
          <params>
            <param index="0">
              <value>
                <![CDATA[org.testng.TestRunner@7404aff2]]>
              </value>
            </param>
          </params>
          <reporter-output>
          </reporter-output>
        </test-method> <!-- setUpClass -->
        <test-method signature="runScenario(io.cucumber.testng.PickleWrapper,io.cucumber.testng.FeatureWrapper)[pri:0, instance:Runner.ShoppingcartRunner@a307a8c]" started-at="2025-03-21T21:28:36 IST" name="runScenario" description="Runs Cucumber Scenarios" data-provider="scenarios" finished-at="2025-03-21T21:28:41 IST" duration-ms="5443" status="PASS">
          <params>
            <param index="0">
              <value>
                <![CDATA["Add item to cart and check total"]]>
              </value>
            </param>
            <param index="1">
              <value>
                <![CDATA["Shopping Cart Functionality"]]>
              </value>
            </param>
          </params>
          <reporter-output>
          </reporter-output>
        </test-method> <!-- runScenario -->
        <test-method signature="runScenario(io.cucumber.testng.PickleWrapper,io.cucumber.testng.FeatureWrapper)[pri:0, instance:Runner.ShoppingcartRunner@a307a8c]" started-at="2025-03-21T21:28:41 IST" name="runScenario" description="Runs Cucumber Scenarios" data-provider="scenarios" finished-at="2025-03-21T21:28:42 IST" duration-ms="678" status="PASS">
          <params>
            <param index="0">
              <value>
                <![CDATA["Remove an item from the cart"]]>
              </value>
            </param>
            <param index="1">
              <value>
                <![CDATA["Shopping Cart Functionality"]]>
              </value>
            </param>
          </params>
          <reporter-output>
          </reporter-output>
        </test-method> <!-- runScenario -->
        <test-method signature="runScenario(io.cucumber.testng.PickleWrapper,io.cucumber.testng.FeatureWrapper)[pri:0, instance:Runner.ShoppingcartRunner@a307a8c]" started-at="2025-03-21T21:28:42 IST" name="runScenario" description="Runs Cucumber Scenarios" data-provider="scenarios" finished-at="2025-03-21T21:28:42 IST" duration-ms="709" status="PASS">
          <params>
            <param index="0">
              <value>
                <![CDATA["Proceed to checkout"]]>
              </value>
            </param>
            <param index="1">
              <value>
                <![CDATA["Shopping Cart Functionality"]]>
              </value>
            </param>
          </params>
          <reporter-output>
          </reporter-output>
        </test-method> <!-- runScenario -->
        <test-method is-config="true" signature="tearDownClass()[pri:0, instance:Runner.ShoppingcartRunner@a307a8c]" started-at="2025-03-21T21:28:42 IST" name="tearDownClass" finished-at="2025-03-21T21:28:43 IST" duration-ms="351" status="PASS">
          <reporter-output>
          </reporter-output>
        </test-method> <!-- tearDownClass -->
      </class> <!-- Runner.ShoppingcartRunner -->
      <class name="Runner.AllCoursesRunner">
        <test-method is-config="true" signature="setUpClass(org.testng.ITestContext)[pri:0, instance:Runner.AllCoursesRunner@6986852]" started-at="2025-03-21T21:26:59 IST" name="setUpClass" finished-at="2025-03-21T21:27:01 IST" duration-ms="2030" status="PASS">
          <params>
            <param index="0">
              <value>
                <![CDATA[org.testng.TestRunner@7404aff2]]>
              </value>
            </param>
          </params>
          <reporter-output>
          </reporter-output>
        </test-method> <!-- setUpClass -->
        <test-method signature="runScenario(io.cucumber.testng.PickleWrapper,io.cucumber.testng.FeatureWrapper)[pri:0, instance:Runner.AllCoursesRunner@6986852]" started-at="2025-03-21T21:27:01 IST" name="runScenario" description="Runs Cucumber Scenarios" data-provider="scenarios" finished-at="2025-03-21T21:27:11 IST" duration-ms="10117" status="PASS">
          <params>
            <param index="0">
              <value>
                <![CDATA["Filter courses by category"]]>
              </value>
            </param>
            <param index="1">
              <value>
                <![CDATA["Course Filtering and Search Functionality"]]>
              </value>
            </param>
          </params>
          <reporter-output>
          </reporter-output>
        </test-method> <!-- runScenario -->
        <test-method signature="runScenario(io.cucumber.testng.PickleWrapper,io.cucumber.testng.FeatureWrapper)[pri:0, instance:Runner.AllCoursesRunner@6986852]" started-at="2025-03-21T21:27:11 IST" name="runScenario" description="Runs Cucumber Scenarios" data-provider="scenarios" finished-at="2025-03-21T21:27:15 IST" duration-ms="4434" status="PASS">
          <params>
            <param index="0">
              <value>
                <![CDATA["Filter courses by category"]]>
              </value>
            </param>
            <param index="1">
              <value>
                <![CDATA["Course Filtering and Search Functionality"]]>
              </value>
            </param>
          </params>
          <reporter-output>
          </reporter-output>
        </test-method> <!-- runScenario -->
        <test-method signature="runScenario(io.cucumber.testng.PickleWrapper,io.cucumber.testng.FeatureWrapper)[pri:0, instance:Runner.AllCoursesRunner@6986852]" started-at="2025-03-21T21:27:15 IST" name="runScenario" description="Runs Cucumber Scenarios" data-provider="scenarios" finished-at="2025-03-21T21:27:19 IST" duration-ms="4255" status="PASS">
          <params>
            <param index="0">
              <value>
                <![CDATA["Filter courses by category"]]>
              </value>
            </param>
            <param index="1">
              <value>
                <![CDATA["Course Filtering and Search Functionality"]]>
              </value>
            </param>
          </params>
          <reporter-output>
          </reporter-output>
        </test-method> <!-- runScenario -->
        <test-method signature="runScenario(io.cucumber.testng.PickleWrapper,io.cucumber.testng.FeatureWrapper)[pri:0, instance:Runner.AllCoursesRunner@6986852]" started-at="2025-03-21T21:27:19 IST" name="runScenario" description="Runs Cucumber Scenarios" data-provider="scenarios" finished-at="2025-03-21T21:27:24 IST" duration-ms="4566" status="PASS">
          <params>
            <param index="0">
              <value>
                <![CDATA["Filter courses by category"]]>
              </value>
            </param>
            <param index="1">
              <value>
                <![CDATA["Course Filtering and Search Functionality"]]>
              </value>
            </param>
          </params>
          <reporter-output>
          </reporter-output>
        </test-method> <!-- runScenario -->
        <test-method signature="runScenario(io.cucumber.testng.PickleWrapper,io.cucumber.testng.FeatureWrapper)[pri:0, instance:Runner.AllCoursesRunner@6986852]" started-at="2025-03-21T21:27:24 IST" name="runScenario" description="Runs Cucumber Scenarios" data-provider="scenarios" finished-at="2025-03-21T21:27:27 IST" duration-ms="2852" status="PASS">
          <params>
            <param index="0">
              <value>
                <![CDATA["Filter courses by category"]]>
              </value>
            </param>
            <param index="1">
              <value>
                <![CDATA["Course Filtering and Search Functionality"]]>
              </value>
            </param>
          </params>
          <reporter-output>
          </reporter-output>
        </test-method> <!-- runScenario -->
        <test-method signature="runScenario(io.cucumber.testng.PickleWrapper,io.cucumber.testng.FeatureWrapper)[pri:0, instance:Runner.AllCoursesRunner@6986852]" started-at="2025-03-21T21:27:27 IST" name="runScenario" description="Runs Cucumber Scenarios" data-provider="scenarios" finished-at="2025-03-21T21:27:31 IST" duration-ms="4004" status="PASS">
          <params>
            <param index="0">
              <value>
                <![CDATA["Filter courses by category"]]>
              </value>
            </param>
            <param index="1">
              <value>
                <![CDATA["Course Filtering and Search Functionality"]]>
              </value>
            </param>
          </params>
          <reporter-output>
          </reporter-output>
        </test-method> <!-- runScenario -->
        <test-method signature="runScenario(io.cucumber.testng.PickleWrapper,io.cucumber.testng.FeatureWrapper)[pri:0, instance:Runner.AllCoursesRunner@6986852]" started-at="2025-03-21T21:27:31 IST" name="runScenario" description="Runs Cucumber Scenarios" data-provider="scenarios" finished-at="2025-03-21T21:27:34 IST" duration-ms="3175" status="PASS">
          <params>
            <param index="0">
              <value>
                <![CDATA["Filter courses by category"]]>
              </value>
            </param>
            <param index="1">
              <value>
                <![CDATA["Course Filtering and Search Functionality"]]>
              </value>
            </param>
          </params>
          <reporter-output>
          </reporter-output>
        </test-method> <!-- runScenario -->
        <test-method signature="runScenario(io.cucumber.testng.PickleWrapper,io.cucumber.testng.FeatureWrapper)[pri:0, instance:Runner.AllCoursesRunner@6986852]" started-at="2025-03-21T21:27:34 IST" name="runScenario" description="Runs Cucumber Scenarios" data-provider="scenarios" finished-at="2025-03-21T21:27:38 IST" duration-ms="4082" status="PASS">
          <params>
            <param index="0">
              <value>
                <![CDATA["Filter courses by category"]]>
              </value>
            </param>
            <param index="1">
              <value>
                <![CDATA["Course Filtering and Search Functionality"]]>
              </value>
            </param>
          </params>
          <reporter-output>
          </reporter-output>
        </test-method> <!-- runScenario -->
        <test-method signature="runScenario(io.cucumber.testng.PickleWrapper,io.cucumber.testng.FeatureWrapper)[pri:0, instance:Runner.AllCoursesRunner@6986852]" started-at="2025-03-21T21:27:38 IST" name="runScenario" description="Runs Cucumber Scenarios" data-provider="scenarios" finished-at="2025-03-21T21:27:42 IST" duration-ms="4080" status="PASS">
          <params>
            <param index="0">
              <value>
                <![CDATA["Filter courses by category"]]>
              </value>
            </param>
            <param index="1">
              <value>
                <![CDATA["Course Filtering and Search Functionality"]]>
              </value>
            </param>
          </params>
          <reporter-output>
          </reporter-output>
        </test-method> <!-- runScenario -->
        <test-method signature="runScenario(io.cucumber.testng.PickleWrapper,io.cucumber.testng.FeatureWrapper)[pri:0, instance:Runner.AllCoursesRunner@6986852]" started-at="2025-03-21T21:27:42 IST" name="runScenario" description="Runs Cucumber Scenarios" data-provider="scenarios" finished-at="2025-03-21T21:27:45 IST" duration-ms="3071" status="PASS">
          <params>
            <param index="0">
              <value>
                <![CDATA["Search courses by keyword"]]>
              </value>
            </param>
            <param index="1">
              <value>
                <![CDATA["Course Filtering and Search Functionality"]]>
              </value>
            </param>
          </params>
          <reporter-output>
          </reporter-output>
        </test-method> <!-- runScenario -->
        <test-method signature="runScenario(io.cucumber.testng.PickleWrapper,io.cucumber.testng.FeatureWrapper)[pri:0, instance:Runner.AllCoursesRunner@6986852]" started-at="2025-03-21T21:27:45 IST" name="runScenario" description="Runs Cucumber Scenarios" data-provider="scenarios" finished-at="2025-03-21T21:27:47 IST" duration-ms="1479" status="PASS">
          <params>
            <param index="0">
              <value>
                <![CDATA["Search courses by keyword"]]>
              </value>
            </param>
            <param index="1">
              <value>
                <![CDATA["Course Filtering and Search Functionality"]]>
              </value>
            </param>
          </params>
          <reporter-output>
          </reporter-output>
        </test-method> <!-- runScenario -->
        <test-method signature="runScenario(io.cucumber.testng.PickleWrapper,io.cucumber.testng.FeatureWrapper)[pri:0, instance:Runner.AllCoursesRunner@6986852]" started-at="2025-03-21T21:27:47 IST" name="runScenario" description="Runs Cucumber Scenarios" data-provider="scenarios" finished-at="2025-03-21T21:27:48 IST" duration-ms="1232" status="PASS">
          <params>
            <param index="0">
              <value>
                <![CDATA["Search courses by keyword"]]>
              </value>
            </param>
            <param index="1">
              <value>
                <![CDATA["Course Filtering and Search Functionality"]]>
              </value>
            </param>
          </params>
          <reporter-output>
          </reporter-output>
        </test-method> <!-- runScenario -->
        <test-method is-config="true" signature="tearDownClass()[pri:0, instance:Runner.AllCoursesRunner@6986852]" started-at="2025-03-21T21:27:48 IST" name="tearDownClass" finished-at="2025-03-21T21:27:48 IST" duration-ms="448" status="PASS">
          <reporter-output>
          </reporter-output>
        </test-method> <!-- tearDownClass -->
      </class> <!-- Runner.AllCoursesRunner -->
      <class name="Runner.PracticePageRunner">
        <test-method is-config="true" signature="setUpClass(org.testng.ITestContext)[pri:0, instance:Runner.PracticePageRunner@1bab8268]" started-at="2025-03-21T21:27:48 IST" name="setUpClass" finished-at="2025-03-21T21:27:50 IST" duration-ms="1933" status="PASS">
          <params>
            <param index="0">
              <value>
                <![CDATA[org.testng.TestRunner@7404aff2]]>
              </value>
            </param>
          </params>
          <reporter-output>
          </reporter-output>
        </test-method> <!-- setUpClass -->
        <test-method signature="runScenario(io.cucumber.testng.PickleWrapper,io.cucumber.testng.FeatureWrapper)[pri:0, instance:Runner.PracticePageRunner@1bab8268]" started-at="2025-03-21T21:27:50 IST" name="runScenario" description="Runs Cucumber Scenarios" data-provider="scenarios" finished-at="2025-03-21T21:28:00 IST" duration-ms="10136" status="PASS">
          <params>
            <param index="0">
              <value>
                <![CDATA["Verify Radio Button Functionality"]]>
              </value>
            </param>
            <param index="1">
              <value>
                <![CDATA["Practice Page Functionality"]]>
              </value>
            </param>
          </params>
          <reporter-output>
          </reporter-output>
        </test-method> <!-- runScenario -->
        <test-method signature="runScenario(io.cucumber.testng.PickleWrapper,io.cucumber.testng.FeatureWrapper)[pri:0, instance:Runner.PracticePageRunner@1bab8268]" started-at="2025-03-21T21:28:00 IST" name="runScenario" description="Runs Cucumber Scenarios" data-provider="scenarios" finished-at="2025-03-21T21:28:03 IST" duration-ms="2298" status="PASS">
          <params>
            <param index="0">
              <value>
                <![CDATA["Verify Checkbox Functionality"]]>
              </value>
            </param>
            <param index="1">
              <value>
                <![CDATA["Practice Page Functionality"]]>
              </value>
            </param>
          </params>
          <reporter-output>
          </reporter-output>
        </test-method> <!-- runScenario -->
        <test-method signature="runScenario(io.cucumber.testng.PickleWrapper,io.cucumber.testng.FeatureWrapper)[pri:0, instance:Runner.PracticePageRunner@1bab8268]" started-at="2025-03-21T21:28:03 IST" name="runScenario" description="Runs Cucumber Scenarios" data-provider="scenarios" finished-at="2025-03-21T21:28:05 IST" duration-ms="2139" status="PASS">
          <params>
            <param index="0">
              <value>
                <![CDATA["Verify Dropdown Functionality"]]>
              </value>
            </param>
            <param index="1">
              <value>
                <![CDATA["Practice Page Functionality"]]>
              </value>
            </param>
          </params>
          <reporter-output>
          </reporter-output>
        </test-method> <!-- runScenario -->
        <test-method signature="runScenario(io.cucumber.testng.PickleWrapper,io.cucumber.testng.FeatureWrapper)[pri:0, instance:Runner.PracticePageRunner@1bab8268]" started-at="2025-03-21T21:28:05 IST" name="runScenario" description="Runs Cucumber Scenarios" data-provider="scenarios" finished-at="2025-03-21T21:28:07 IST" duration-ms="2448" status="PASS">
          <params>
            <param index="0">
              <value>
                <![CDATA["Verify Multiple Select Functionality"]]>
              </value>
            </param>
            <param index="1">
              <value>
                <![CDATA["Practice Page Functionality"]]>
              </value>
            </param>
          </params>
          <reporter-output>
          </reporter-output>
        </test-method> <!-- runScenario -->
        <test-method signature="runScenario(io.cucumber.testng.PickleWrapper,io.cucumber.testng.FeatureWrapper)[pri:0, instance:Runner.PracticePageRunner@1bab8268]" started-at="2025-03-21T21:28:07 IST" name="runScenario" description="Runs Cucumber Scenarios" data-provider="scenarios" finished-at="2025-03-21T21:28:10 IST" duration-ms="2787" status="PASS">
          <params>
            <param index="0">
              <value>
                <![CDATA["Verify Auto Suggest Functionality"]]>
              </value>
            </param>
            <param index="1">
              <value>
                <![CDATA["Practice Page Functionality"]]>
              </value>
            </param>
          </params>
          <reporter-output>
          </reporter-output>
        </test-method> <!-- runScenario -->
        <test-method signature="runScenario(io.cucumber.testng.PickleWrapper,io.cucumber.testng.FeatureWrapper)[pri:0, instance:Runner.PracticePageRunner@1bab8268]" started-at="2025-03-21T21:28:10 IST" name="runScenario" description="Runs Cucumber Scenarios" data-provider="scenarios" finished-at="2025-03-21T21:28:14 IST" duration-ms="3640" status="PASS">
          <params>
            <param index="0">
              <value>
                <![CDATA["Verify New Window Functionality"]]>
              </value>
            </param>
            <param index="1">
              <value>
                <![CDATA["Practice Page Functionality"]]>
              </value>
            </param>
          </params>
          <reporter-output>
          </reporter-output>
        </test-method> <!-- runScenario -->
        <test-method signature="runScenario(io.cucumber.testng.PickleWrapper,io.cucumber.testng.FeatureWrapper)[pri:0, instance:Runner.PracticePageRunner@1bab8268]" started-at="2025-03-21T21:28:14 IST" name="runScenario" description="Runs Cucumber Scenarios" data-provider="scenarios" finished-at="2025-03-21T21:28:15 IST" duration-ms="1662" status="PASS">
          <params>
            <param index="0">
              <value>
                <![CDATA["Verify New Tab Functionality"]]>
              </value>
            </param>
            <param index="1">
              <value>
                <![CDATA["Practice Page Functionality"]]>
              </value>
            </param>
          </params>
          <reporter-output>
          </reporter-output>
        </test-method> <!-- runScenario -->
        <test-method signature="runScenario(io.cucumber.testng.PickleWrapper,io.cucumber.testng.FeatureWrapper)[pri:0, instance:Runner.PracticePageRunner@1bab8268]" started-at="2025-03-21T21:28:15 IST" name="runScenario" description="Runs Cucumber Scenarios" data-provider="scenarios" finished-at="2025-03-21T21:28:23 IST" duration-ms="7397" status="PASS">
          <params>
            <param index="0">
              <value>
                <![CDATA["Verify Window Switching Functionality"]]>
              </value>
            </param>
            <param index="1">
              <value>
                <![CDATA["Practice Page Functionality"]]>
              </value>
            </param>
          </params>
          <reporter-output>
          </reporter-output>
        </test-method> <!-- runScenario -->
        <test-method signature="runScenario(io.cucumber.testng.PickleWrapper,io.cucumber.testng.FeatureWrapper)[pri:0, instance:Runner.PracticePageRunner@1bab8268]" started-at="2025-03-21T21:28:23 IST" name="runScenario" description="Runs Cucumber Scenarios" data-provider="scenarios" finished-at="2025-03-21T21:28:25 IST" duration-ms="2371" status="PASS">
          <params>
            <param index="0">
              <value>
                <![CDATA["Verify Enabled/Disabled Field Functionality"]]>
              </value>
            </param>
            <param index="1">
              <value>
                <![CDATA["Practice Page Functionality"]]>
              </value>
            </param>
          </params>
          <reporter-output>
          </reporter-output>
        </test-method> <!-- runScenario -->
        <test-method signature="runScenario(io.cucumber.testng.PickleWrapper,io.cucumber.testng.FeatureWrapper)[pri:0, instance:Runner.PracticePageRunner@1bab8268]" started-at="2025-03-21T21:28:25 IST" name="runScenario" description="Runs Cucumber Scenarios" data-provider="scenarios" finished-at="2025-03-21T21:28:27 IST" duration-ms="2127" status="PASS">
          <params>
            <param index="0">
              <value>
                <![CDATA["Verify Hide/Show Functionality"]]>
              </value>
            </param>
            <param index="1">
              <value>
                <![CDATA["Practice Page Functionality"]]>
              </value>
            </param>
          </params>
          <reporter-output>
          </reporter-output>
        </test-method> <!-- runScenario -->
        <test-method signature="runScenario(io.cucumber.testng.PickleWrapper,io.cucumber.testng.FeatureWrapper)[pri:0, instance:Runner.PracticePageRunner@1bab8268]" started-at="2025-03-21T21:28:27 IST" name="runScenario" description="Runs Cucumber Scenarios" data-provider="scenarios" finished-at="2025-03-21T21:28:29 IST" duration-ms="1724" status="PASS">
          <params>
            <param index="0">
              <value>
                <![CDATA["Verify Alert Functionality"]]>
              </value>
            </param>
            <param index="1">
              <value>
                <![CDATA["Practice Page Functionality"]]>
              </value>
            </param>
          </params>
          <reporter-output>
          </reporter-output>
        </test-method> <!-- runScenario -->
        <test-method signature="runScenario(io.cucumber.testng.PickleWrapper,io.cucumber.testng.FeatureWrapper)[pri:0, instance:Runner.PracticePageRunner@1bab8268]" started-at="2025-03-21T21:28:29 IST" name="runScenario" description="Runs Cucumber Scenarios" data-provider="scenarios" finished-at="2025-03-21T21:28:31 IST" duration-ms="2147" status="PASS">
          <params>
            <param index="0">
              <value>
                <![CDATA["Verify Mouse Hover Functionality"]]>
              </value>
            </param>
            <param index="1">
              <value>
                <![CDATA["Practice Page Functionality"]]>
              </value>
            </param>
          </params>
          <reporter-output>
          </reporter-output>
        </test-method> <!-- runScenario -->
        <test-method signature="runScenario(io.cucumber.testng.PickleWrapper,io.cucumber.testng.FeatureWrapper)[pri:0, instance:Runner.PracticePageRunner@1bab8268]" started-at="2025-03-21T21:28:31 IST" name="runScenario" description="Runs Cucumber Scenarios" data-provider="scenarios" finished-at="2025-03-21T21:28:33 IST" duration-ms="1919" status="PASS">
          <params>
            <param index="0">
              <value>
                <![CDATA["Verify Web Table Functionality"]]>
              </value>
            </param>
            <param index="1">
              <value>
                <![CDATA["Practice Page Functionality"]]>
              </value>
            </param>
          </params>
          <reporter-output>
          </reporter-output>
        </test-method> <!-- runScenario -->
        <test-method is-config="true" signature="tearDownClass()[pri:0, instance:Runner.PracticePageRunner@1bab8268]" started-at="2025-03-21T21:28:33 IST" name="tearDownClass" finished-at="2025-03-21T21:28:34 IST" duration-ms="460" status="PASS">
          <reporter-output>
          </reporter-output>
        </test-method> <!-- tearDownClass -->
      </class> <!-- Runner.PracticePageRunner -->
      <class name="Runner.LoginRunner">
        <test-method is-config="true" signature="setUpClass(org.testng.ITestContext)[pri:0, instance:Runner.LoginRunner@1acaf3d]" started-at="2025-03-21T21:26:42 IST" name="setUpClass" finished-at="2025-03-21T21:26:44 IST" duration-ms="1798" status="PASS">
          <params>
            <param index="0">
              <value>
                <![CDATA[org.testng.TestRunner@7404aff2]]>
              </value>
            </param>
          </params>
          <reporter-output>
          </reporter-output>
        </test-method> <!-- setUpClass -->
        <test-method signature="runScenario(io.cucumber.testng.PickleWrapper,io.cucumber.testng.FeatureWrapper)[pri:0, instance:Runner.LoginRunner@1acaf3d]" started-at="2025-03-21T21:26:44 IST" name="runScenario" description="Runs Cucumber Scenarios" data-provider="scenarios" finished-at="2025-03-21T21:26:50 IST" duration-ms="6633" status="PASS">
          <params>
            <param index="0">
              <value>
                <![CDATA["Login Attempt with Invalid Credentials"]]>
              </value>
            </param>
            <param index="1">
              <value>
                <![CDATA["User Login and Forgotpassword functionality testing"]]>
              </value>
            </param>
          </params>
          <reporter-output>
          </reporter-output>
        </test-method> <!-- runScenario -->
        <test-method signature="runScenario(io.cucumber.testng.PickleWrapper,io.cucumber.testng.FeatureWrapper)[pri:0, instance:Runner.LoginRunner@1acaf3d]" started-at="2025-03-21T21:26:50 IST" name="runScenario" description="Runs Cucumber Scenarios" data-provider="scenarios" finished-at="2025-03-21T21:26:52 IST" duration-ms="1994" status="PASS">
          <params>
            <param index="0">
              <value>
                <![CDATA["Login Attempt with Invalid Credentials"]]>
              </value>
            </param>
            <param index="1">
              <value>
                <![CDATA["User Login and Forgotpassword functionality testing"]]>
              </value>
            </param>
          </params>
          <reporter-output>
          </reporter-output>
        </test-method> <!-- runScenario -->
        <test-method signature="runScenario(io.cucumber.testng.PickleWrapper,io.cucumber.testng.FeatureWrapper)[pri:0, instance:Runner.LoginRunner@1acaf3d]" started-at="2025-03-21T21:26:52 IST" name="runScenario" description="Runs Cucumber Scenarios" data-provider="scenarios" finished-at="2025-03-21T21:26:53 IST" duration-ms="787" status="PASS">
          <params>
            <param index="0">
              <value>
                <![CDATA["Login Attempt with Invalid Credentials"]]>
              </value>
            </param>
            <param index="1">
              <value>
                <![CDATA["User Login and Forgotpassword functionality testing"]]>
              </value>
            </param>
          </params>
          <reporter-output>
          </reporter-output>
        </test-method> <!-- runScenario -->
        <test-method signature="runScenario(io.cucumber.testng.PickleWrapper,io.cucumber.testng.FeatureWrapper)[pri:0, instance:Runner.LoginRunner@1acaf3d]" started-at="2025-03-21T21:26:53 IST" name="runScenario" description="Runs Cucumber Scenarios" data-provider="scenarios" finished-at="2025-03-21T21:26:54 IST" duration-ms="1059" status="PASS">
          <params>
            <param index="0">
              <value>
                <![CDATA["Login Attempt with Invalid Credentials"]]>
              </value>
            </param>
            <param index="1">
              <value>
                <![CDATA["User Login and Forgotpassword functionality testing"]]>
              </value>
            </param>
          </params>
          <reporter-output>
          </reporter-output>
        </test-method> <!-- runScenario -->
        <test-method signature="runScenario(io.cucumber.testng.PickleWrapper,io.cucumber.testng.FeatureWrapper)[pri:0, instance:Runner.LoginRunner@1acaf3d]" started-at="2025-03-21T21:26:54 IST" name="runScenario" description="Runs Cucumber Scenarios" data-provider="scenarios" finished-at="2025-03-21T21:26:58 IST" duration-ms="3924" status="PASS">
          <params>
            <param index="0">
              <value>
                <![CDATA["Reset Password Using Forgot Password Feature"]]>
              </value>
            </param>
            <param index="1">
              <value>
                <![CDATA["User Login and Forgotpassword functionality testing"]]>
              </value>
            </param>
          </params>
          <reporter-output>
          </reporter-output>
        </test-method> <!-- runScenario -->
        <test-method is-config="true" signature="tearDownClass()[pri:0, instance:Runner.LoginRunner@1acaf3d]" started-at="2025-03-21T21:26:58 IST" name="tearDownClass" finished-at="2025-03-21T21:26:59 IST" duration-ms="494" status="PASS">
          <reporter-output>
          </reporter-output>
        </test-method> <!-- tearDownClass -->
      </class> <!-- Runner.LoginRunner -->
      <class name="Runner.HomePageRunner">
        <test-method is-config="true" signature="setUpClass(org.testng.ITestContext)[pri:0, instance:Runner.HomePageRunner@1e4d3ce5]" started-at="2025-03-21T21:26:29 IST" name="setUpClass" finished-at="2025-03-21T21:26:32 IST" duration-ms="3774" status="PASS">
          <params>
            <param index="0">
              <value>
                <![CDATA[org.testng.TestRunner@7404aff2]]>
              </value>
            </param>
          </params>
          <reporter-output>
          </reporter-output>
        </test-method> <!-- setUpClass -->
        <test-method signature="runScenario(io.cucumber.testng.PickleWrapper,io.cucumber.testng.FeatureWrapper)[pri:0, instance:Runner.HomePageRunner@1e4d3ce5]" started-at="2025-03-21T21:26:32 IST" name="runScenario" description="Runs Cucumber Scenarios" data-provider="scenarios" finished-at="2025-03-21T21:26:41 IST" duration-ms="8491" status="PASS">
          <params>
            <param index="0">
              <value>
                <![CDATA["Validate the Home Page and Navigate to Sign-In Page"]]>
              </value>
            </param>
            <param index="1">
              <value>
                <![CDATA["Verify Home Page"]]>
              </value>
            </param>
          </params>
          <reporter-output>
          </reporter-output>
        </test-method> <!-- runScenario -->
        <test-method is-config="true" signature="tearDownClass()[pri:0, instance:Runner.HomePageRunner@1e4d3ce5]" started-at="2025-03-21T21:26:41 IST" name="tearDownClass" finished-at="2025-03-21T21:26:42 IST" duration-ms="868" status="PASS">
          <reporter-output>
          </reporter-output>
        </test-method> <!-- tearDownClass -->
      </class> <!-- Runner.HomePageRunner -->
    </test> <!-- Test -->
  </suite> <!-- Suite -->
</testng-results>
